@!@!@STARTMSG 2262:0 @!@!@
TLC2 Version 2.14 of 10 July 2019
@!@!@ENDMSG 2262 @!@!@
@!@!@STARTMSG 2187:0 @!@!@
Running breadth-first search Model-Checking with fp 52 and seed -2430630969339325416 with 4 workers on 8 cores with 2379MB heap and 5348MB offheap memory [pid: 11575] (Linux 4.15.0-96-generic amd64, AdoptOpenJDK 11.0.3 x86_64, OffHeapDiskFPSet, DiskStateQueue).
@!@!@ENDMSG 2187 @!@!@
@!@!@STARTMSG 2220:0 @!@!@
Starting SANY...
@!@!@ENDMSG 2220 @!@!@
Parsing file /home/todd/repos/personal/experimental/tla/eodc/03-logical-clocks/tla_simplified_logical_clock/logical_clock3.toolbox/Model_1/MC.tla
Parsing file /home/todd/repos/personal/experimental/tla/eodc/03-logical-clocks/tla_simplified_logical_clock/logical_clock3.toolbox/Model_1/logical_clock3.tla
Parsing file /home/todd/bin/tlaplus/toolbox/plugins/org.lamport.tlatools_1.0.0.201907102009/tla2sany/StandardModules/TLC.tla
Parsing file /home/todd/repos/personal/experimental/tla/eodc/03-logical-clocks/tla_simplified_logical_clock/logical_clock3.toolbox/Model_1/PT.tla
Parsing file /home/todd/bin/tlaplus/toolbox/plugins/org.lamport.tlatools_1.0.0.201907102009/tla2sany/StandardModules/FiniteSets.tla
Parsing file /home/todd/bin/tlaplus/toolbox/plugins/org.lamport.tlatools_1.0.0.201907102009/tla2sany/StandardModules/Integers.tla
Parsing file /home/todd/bin/tlaplus/toolbox/plugins/org.lamport.tlatools_1.0.0.201907102009/tla2sany/StandardModules/Naturals.tla
Parsing file /home/todd/bin/tlaplus/toolbox/plugins/org.lamport.tlatools_1.0.0.201907102009/tla2sany/StandardModules/Sequences.tla
Semantic processing of module Naturals
Semantic processing of module Sequences
Semantic processing of module FiniteSets
Semantic processing of module TLC
Semantic processing of module Integers
Semantic processing of module PT
Semantic processing of module logical_clock3
Semantic processing of module MC
@!@!@STARTMSG 2219:0 @!@!@
SANY finished.
@!@!@ENDMSG 2219 @!@!@
@!@!@STARTMSG 2185:0 @!@!@
Starting... (2020-04-23 13:53:40)
@!@!@ENDMSG 2185 @!@!@
@!@!@STARTMSG 2189:0 @!@!@
Computing initial states...
@!@!@ENDMSG 2189 @!@!@
@!@!@STARTMSG 2190:0 @!@!@
Finished computing initial states: 1 distinct state generated at 2020-04-23 13:53:43.
@!@!@ENDMSG 2190 @!@!@
@!@!@STARTMSG 2200:0 @!@!@
Progress(35) at 2020-04-23 13:53:46: 583,706 states generated (583,706 s/min), 150,006 distinct states found (150,006 ds/min), 18,395 states left on queue.
@!@!@ENDMSG 2200 @!@!@
